<component name="libraryTable">
  <library name="junit">
    <CLASSES>
      <root url="jar://$APPLICATION_HOME_DIR$/lib/junit.jar!/" />
      <root url="jar://$APPLICATION_HOME_DIR$/lib/mysql-connector-java-5.0.8-bin.jar!/" />
    </CLASSES>
    <JAVADOC />
    <SOURCES />
  </library>
</component>